<?xml version="1.0" encoding="UTF-8"?>
<testng-results ignored="0" total="2" passed="2" failed="0" skipped="0">
  <reporter-output>
  </reporter-output>
  <suite started-at="2026-02-06T00:36:39 IST" name="Automation Suite" finished-at="2026-02-06T00:37:37 IST" duration-ms="57353">
    <groups>
    </groups>
    <test started-at="2026-02-06T00:36:39 IST" name="Login Tests" finished-at="2026-02-06T00:37:37 IST" duration-ms="57353">
      <class name="OrangeHRM.LoginTest">
        <test-method is-config="true" signature="setup()[pri:0, instance:OrangeHRM.LoginTest@436813f3]" started-at="2026-02-06T00:36:39 IST" name="setup" finished-at="2026-02-06T00:36:53 IST" duration-ms="13840" status="PASS">
          <reporter-output>
          </reporter-output>
        </test-method> <!-- setup -->
        <test-method signature="InvalidLoginTest()[pri:0, instance:OrangeHRM.LoginTest@436813f3]" started-at="2026-02-06T00:36:53 IST" name="InvalidLoginTest" finished-at="2026-02-06T00:37:05 IST" duration-ms="11510" status="PASS">
          <reporter-output>
          </reporter-output>
        </test-method> <!-- InvalidLoginTest -->
        <test-method is-config="true" signature="teardown()[pri:0, instance:OrangeHRM.LoginTest@436813f3]" started-at="2026-02-06T00:37:05 IST" name="teardown" finished-at="2026-02-06T00:37:05 IST" duration-ms="287" status="PASS">
          <reporter-output>
          </reporter-output>
        </test-method> <!-- teardown -->
        <test-method is-config="true" signature="setup()[pri:0, instance:OrangeHRM.LoginTest@436813f3]" started-at="2026-02-06T00:37:05 IST" name="setup" finished-at="2026-02-06T00:37:19 IST" duration-ms="14378" status="PASS">
          <reporter-output>
          </reporter-output>
        </test-method> <!-- setup -->
        <test-method signature="validloginTest()[pri:0, instance:OrangeHRM.LoginTest@436813f3]" started-at="2026-02-06T00:37:19 IST" name="validloginTest" finished-at="2026-02-06T00:37:36 IST" duration-ms="17053" status="PASS">
          <reporter-output>
          </reporter-output>
        </test-method> <!-- validloginTest -->
        <test-method is-config="true" signature="teardown()[pri:0, instance:OrangeHRM.LoginTest@436813f3]" started-at="2026-02-06T00:37:36 IST" name="teardown" finished-at="2026-02-06T00:37:37 IST" duration-ms="258" status="PASS">
          <reporter-output>
          </reporter-output>
        </test-method> <!-- teardown -->
      </class> <!-- OrangeHRM.LoginTest -->
    </test> <!-- Login Tests -->
  </suite> <!-- Automation Suite -->
</testng-results>
