<?xml version="1.0" encoding="UTF-8"?>
<testng-results ignored="0" total="2" passed="2" failed="0" skipped="0">
  <reporter-output>
  </reporter-output>
  <suite started-at="2026-02-06T00:29:45 IST" name="Default suite" finished-at="2026-02-06T00:30:15 IST" duration-ms="30300">
    <groups>
    </groups>
    <test started-at="2026-02-06T00:29:45 IST" name="Default test" finished-at="2026-02-06T00:30:15 IST" duration-ms="30300">
      <class name="OrangeHRM.LoginTest">
        <test-method is-config="true" signature="setup()[pri:0, instance:OrangeHRM.LoginTest@c86b9e3]" started-at="2026-02-06T00:29:45 IST" name="setup" finished-at="2026-02-06T00:29:52 IST" duration-ms="7100" status="PASS">
          <reporter-output>
          </reporter-output>
        </test-method> <!-- setup -->
        <test-method signature="InvalidLoginTest()[pri:0, instance:OrangeHRM.LoginTest@c86b9e3]" started-at="2026-02-06T00:29:52 IST" name="InvalidLoginTest" finished-at="2026-02-06T00:29:57 IST" duration-ms="4392" status="PASS">
          <reporter-output>
          </reporter-output>
        </test-method> <!-- InvalidLoginTest -->
        <test-method is-config="true" signature="teardown()[pri:0, instance:OrangeHRM.LoginTest@c86b9e3]" started-at="2026-02-06T00:29:57 IST" name="teardown" finished-at="2026-02-06T00:29:57 IST" duration-ms="164" status="PASS">
          <reporter-output>
          </reporter-output>
        </test-method> <!-- teardown -->
        <test-method is-config="true" signature="setup()[pri:0, instance:OrangeHRM.LoginTest@c86b9e3]" started-at="2026-02-06T00:29:57 IST" name="setup" finished-at="2026-02-06T00:30:06 IST" duration-ms="8850" status="PASS">
          <reporter-output>
          </reporter-output>
        </test-method> <!-- setup -->
        <test-method signature="validloginTest()[pri:0, instance:OrangeHRM.LoginTest@c86b9e3]" started-at="2026-02-06T00:30:06 IST" name="validloginTest" finished-at="2026-02-06T00:30:15 IST" duration-ms="9580" status="PASS">
          <reporter-output>
          </reporter-output>
        </test-method> <!-- validloginTest -->
        <test-method is-config="true" signature="teardown()[pri:0, instance:OrangeHRM.LoginTest@c86b9e3]" started-at="2026-02-06T00:30:15 IST" name="teardown" finished-at="2026-02-06T00:30:15 IST" duration-ms="164" status="PASS">
          <reporter-output>
          </reporter-output>
        </test-method> <!-- teardown -->
      </class> <!-- OrangeHRM.LoginTest -->
    </test> <!-- Default test -->
  </suite> <!-- Default suite -->
</testng-results>
